DEBUG:root:./logs/log_20240420125208.log
DEBUG:root:['age', 'embarked', 'family_size', 'fare', 'pclass', 'sex']
DEBUG:root:(891, 6)
DEBUG:root:{'learning_rate': 0.1, 'num_leaves': 8, 'boosting_type': 'gbdt', 'colsample_bytree': 0.65, 'reg_alpha': 1, 'reg_lambda': 1, 'objective': 'multiclass', 'num_class': 2}
DEBUG:main:[30]	valid_0's multi_logloss: 0.425535
DEBUG:main:[60]	valid_0's multi_logloss: 0.413127
DEBUG:root:61
DEBUG:root:0.4129717521679104
DEBUG:root:{'learning_rate': 0.1, 'num_leaves': 8, 'boosting_type': 'gbdt', 'colsample_bytree': 0.65, 'reg_alpha': 1, 'reg_lambda': 1, 'objective': 'multiclass', 'num_class': 2}
DEBUG:main:[30]	valid_0's multi_logloss: 0.428631
DEBUG:main:[60]	valid_0's multi_logloss: 0.409381
DEBUG:main:[90]	valid_0's multi_logloss: 0.404767
DEBUG:root:100
DEBUG:root:0.40343740612226286
DEBUG:root:{'learning_rate': 0.1, 'num_leaves': 8, 'boosting_type': 'gbdt', 'colsample_bytree': 0.65, 'reg_alpha': 1, 'reg_lambda': 1, 'objective': 'multiclass', 'num_class': 2}
DEBUG:main:[30]	valid_0's multi_logloss: 0.467652
DEBUG:main:[60]	valid_0's multi_logloss: 0.464846
DEBUG:root:54
DEBUG:root:0.4641004165254379
DEBUG:root:[0.4129717521679104, 0.40343740612226286, 0.4641004165254379]
DEBUG:root:0.426836524938537
